This is pdfTeX, Version 3.141592653-2.6-1.40.22 (MiKTeX 21.2) (preloaded format=pdflatex 2021.3.29)  1 JUN 2021 00:33
entering extended mode
**./principal.tex
(principal.tex
LaTeX2e <2020-10-01> patch level 4
L3 programming layer <2021-02-18> xparse <2020-03-03> (class_diss.cls
Document Class: class_diss 1999/09/10 v1.4a Standard LaTeX document class
(D:\Users\Andres\AppData\Local\Programs\MiKTeX\tex/latex/base\size12.clo
File: size12.clo 2020/04/10 v1.4m Standard LaTeX file (size option)
)
\c@part=\count179
\c@chapter=\count180
\c@section=\count181
\c@subsection=\count182
\c@subsubsection=\count183
\c@paragraph=\count184
\c@subparagraph=\count185
\c@figure=\count186
\c@table=\count187
\abovecaptionskip=\skip47
\belowcaptionskip=\skip48
\bibindent=\dimen138
)
(D:\Users\Andres\AppData\Local\Programs\MiKTeX\tex/latex/base\inputenc.sty
Package: inputenc 2020/08/01 v1.3d Input encoding file
\inpenc@prehook=\toks15
\inpenc@posthook=\toks16
)
(D:\Users\Andres\AppData\Local\Programs\MiKTeX\tex/latex/base\fontenc.sty
Package: fontenc 2020/08/10 v2.0s Standard LaTeX package
)
(D:\Users\Andres\AppData\Local\Programs\MiKTeX\tex/generic/babel\babel.sty
Package: babel 2021/01/26 3.53 The Babel package

(D:\Users\Andres\AppData\Local\Programs\MiKTeX\tex/generic/babel\babel.def
File: babel.def 2021/01/26 3.53 Babel common definitions
\babel@savecnt=\count188
\U@D=\dimen139
\l@babelnohyphens=\language79

(D:\Users\Andres\AppData\Local\Programs\MiKTeX\tex/generic/babel\txtbabel.def)
\bbl@readstream=\read2
)
\bbl@dirlevel=\count189
*************************************
* Local config file bblopts.cfg used
*
(D:\Users\Andres\AppData\Local\Programs\MiKTeX\tex/latex/arabi\bblopts.cfg
File: bblopts.cfg 2005/09/08 v0.1 add Arabic and Farsi to "declared" options of
 babel
)
(D:\Users\Andres\AppData\Local\Programs\MiKTeX\tex/latex/babel-spanish\spanish.
ldf
Language: spanish.ldf 2016/03/03 v5.0p Spanish support from the babel system
\es@quottoks=\toks17
\es@quotdepth=\count190
Package babel Info: Making " an active character on input line 561.
Package babel Info: Making . an active character on input line 662.
Package babel Info: Making < an active character on input line 707.
Package babel Info: Making > an active character on input line 707.
))
LaTeX Info: Redefining \. on input line 58.
LaTeX Info: Redefining \% on input line 58.

(D:\Users\Andres\AppData\Local\Programs\MiKTeX\tex/latex/eurosym\eurosym.sty
Package: eurosym 1998/08/06 v1.1 European currency symbol ``Euro''
\@eurobox=\box47
)
(D:\Users\Andres\AppData\Local\Programs\MiKTeX\tex/latex/amsmath\amsmath.sty
Package: amsmath 2020/09/23 v2.17i AMS math features
\@mathmargin=\skip49

For additional information on amsmath, use the `?' option.
(D:\Users\Andres\AppData\Local\Programs\MiKTeX\tex/latex/amsmath\amstext.sty
Package: amstext 2000/06/29 v2.01 AMS text

(D:\Users\Andres\AppData\Local\Programs\MiKTeX\tex/latex/amsmath\amsgen.sty
File: amsgen.sty 1999/11/30 v2.0 generic functions
\@emptytoks=\toks18
\ex@=\dimen140
))
(D:\Users\Andres\AppData\Local\Programs\MiKTeX\tex/latex/amsmath\amsbsy.sty
Package: amsbsy 1999/11/29 v1.2d Bold Symbols
\pmbraise@=\dimen141
)
(D:\Users\Andres\AppData\Local\Programs\MiKTeX\tex/latex/amsmath\amsopn.sty
Package: amsopn 2016/03/08 v2.02 operator names
)
\inf@bad=\count191
LaTeX Info: Redefining \frac on input line 234.
\uproot@=\count192
\leftroot@=\count193
LaTeX Info: Redefining \overline on input line 399.
\classnum@=\count194
\DOTSCASE@=\count195
LaTeX Info: Redefining \ldots on input line 496.
LaTeX Info: Redefining \dots on input line 499.
LaTeX Info: Redefining \cdots on input line 620.
\Mathstrutbox@=\box48
\strutbox@=\box49
\big@size=\dimen142
LaTeX Font Info:    Redeclaring font encoding OML on input line 743.
LaTeX Font Info:    Redeclaring font encoding OMS on input line 744.
\macc@depth=\count196
\c@MaxMatrixCols=\count197
\dotsspace@=\muskip16
\c@parentequation=\count198
\dspbrk@lvl=\count199
\tag@help=\toks19
\row@=\count266
\column@=\count267
\maxfields@=\count268
\andhelp@=\toks20
\eqnshift@=\dimen143
\alignsep@=\dimen144
\tagshift@=\dimen145
\tagwidth@=\dimen146
\totwidth@=\dimen147
\lineht@=\dimen148
\@envbody=\toks21
\multlinegap=\skip50
\multlinetaggap=\skip51
\mathdisplay@stack=\toks22
LaTeX Info: Redefining \[ on input line 2923.
LaTeX Info: Redefining \] on input line 2924.
)
(D:\Users\Andres\AppData\Local\Programs\MiKTeX\tex/latex/graphics\graphicx.sty
Package: graphicx 2020/09/09 v1.2b Enhanced LaTeX Graphics (DPC,SPQR)

(D:\Users\Andres\AppData\Local\Programs\MiKTeX\tex/latex/graphics\keyval.sty
Package: keyval 2014/10/28 v1.15 key=value parser (DPC)
\KV@toks@=\toks23
)
(D:\Users\Andres\AppData\Local\Programs\MiKTeX\tex/latex/graphics\graphics.sty
Package: graphics 2020/08/30 v1.4c Standard LaTeX Graphics (DPC,SPQR)

(D:\Users\Andres\AppData\Local\Programs\MiKTeX\tex/latex/graphics\trig.sty
Package: trig 2016/01/03 v1.10 sin cos tan (DPC)
)
(D:\Users\Andres\AppData\Local\Programs\MiKTeX\tex/latex/graphics-cfg\graphics.
cfg
File: graphics.cfg 2016/06/04 v1.11 sample graphics configuration
)
Package graphics Info: Driver file: pdftex.def on input line 105.

(D:\Users\Andres\AppData\Local\Programs\MiKTeX\tex/latex/graphics-def\pdftex.de
f
File: pdftex.def 2020/10/05 v1.2a Graphics/color driver for pdftex
))
\Gin@req@height=\dimen149
\Gin@req@width=\dimen150
)
(D:\Users\Andres\AppData\Local\Programs\MiKTeX\tex/latex/amsmath\amsxtra.sty
Package: amsxtra 1999/11/15 v1.2c AMS extra commands
LaTeX Info: Redefining \nobreakspace on input line 54.
)
(D:\Users\Andres\AppData\Local\Programs\MiKTeX\tex/latex/amsfonts\amssymb.sty
Package: amssymb 2013/01/14 v3.01 AMS font symbols

(D:\Users\Andres\AppData\Local\Programs\MiKTeX\tex/latex/amsfonts\amsfonts.sty
Package: amsfonts 2013/01/14 v3.01 Basic AMSFonts support
\symAMSa=\mathgroup4
\symAMSb=\mathgroup5
LaTeX Font Info:    Redeclaring math symbol \hbar on input line 98.
LaTeX Font Info:    Overwriting math alphabet `\mathfrak' in version `bold'
(Font)                  U/euf/m/n --> U/euf/b/n on input line 106.
)) (D:\Users\Andres\AppData\Local\Programs\MiKTeX\tex/latex/base\latexsym.sty
Package: latexsym 1998/08/17 v2.2e Standard LaTeX package (lasy symbols)
\symlasy=\mathgroup6
LaTeX Font Info:    Overwriting symbol font `lasy' in version `bold'
(Font)                  U/lasy/m/n --> U/lasy/b/n on input line 52.
)
(D:\Users\Andres\AppData\Local\Programs\MiKTeX\tex/latex/subfigure\subfigure.st
y
Package: subfigure 2002/07/30 v2.1.4 subfigure package
\subfigtopskip=\skip52
\subfigcapskip=\skip53
\subfigcaptopadj=\dimen151
\subfigbottomskip=\skip54
\subfigcapmargin=\dimen152
\subfiglabelskip=\skip55
\c@subfigure=\count269
\c@lofdepth=\count270
\c@subtable=\count271
\c@lotdepth=\count272

****************************************
* Local config file subfigure.cfg used *
****************************************

(D:\Users\Andres\AppData\Local\Programs\MiKTeX\tex/latex/subfigure\subfigure.cf
g)
\subfig@top=\skip56
\subfig@bottom=\skip57
)
(D:\Users\Andres\AppData\Local\Programs\MiKTeX\tex/latex/latex-tools\enumerate.
sty
Package: enumerate 2015/07/23 v3.00 enumerate extensions (DPC)
\@enLab=\toks24
) (D:\Users\Andres\AppData\Local\Programs\MiKTeX\tex/latex/float\float.sty
Package: float 2001/11/08 v1.3d Float enhancements (AL)
\c@float@type=\count273
\float@exts=\toks25
\float@box=\box50
\@float@everytoks=\toks26
\@floatcapt=\box51
)
(D:\Users\Andres\AppData\Local\Programs\MiKTeX\tex/latex/graphics\color.sty
Package: color 2020/02/24 v1.2b Standard LaTeX Color (DPC)

(D:\Users\Andres\AppData\Local\Programs\MiKTeX\tex/latex/graphics-cfg\color.cfg
File: color.cfg 2016/01/02 v1.6 sample color configuration
)
Package color Info: Driver file: pdftex.def on input line 147.
) (D:\Users\Andres\AppData\Local\Programs\MiKTeX\tex/latex/natbib\natbib.sty
Package: natbib 2010/09/13 8.31b (PWD, AO)
\bibhang=\skip58
\bibsep=\skip59
LaTeX Info: Redefining \cite on input line 694.
\c@NAT@ctr=\count274
)
(D:\Users\Andres\AppData\Local\Programs\MiKTeX\tex/latex/hyperref\hyperref.sty
Package: hyperref 2021-02-10 v7.00j Hypertext links for LaTeX

(D:\Users\Andres\AppData\Local\Programs\MiKTeX\tex/generic/ltxcmds\ltxcmds.sty
Package: ltxcmds 2020-05-10 v1.25 LaTeX kernel commands for general use (HO)
) (D:\Users\Andres\AppData\Local\Programs\MiKTeX\tex/generic/iftex\iftex.sty
Package: iftex 2020/03/06 v1.0d TeX engine tests
)
(D:\Users\Andres\AppData\Local\Programs\MiKTeX\tex/generic/pdftexcmds\pdftexcmd
s.sty
Package: pdftexcmds 2020-06-27 v0.33 Utility functions of pdfTeX for LuaTeX (HO
)

(D:\Users\Andres\AppData\Local\Programs\MiKTeX\tex/generic/infwarerr\infwarerr.
sty
Package: infwarerr 2019/12/03 v1.5 Providing info/warning/error messages (HO)
)
Package pdftexcmds Info: \pdf@primitive is available.
Package pdftexcmds Info: \pdf@ifprimitive is available.
Package pdftexcmds Info: \pdfdraftmode found.
)
(D:\Users\Andres\AppData\Local\Programs\MiKTeX\tex/generic/kvsetkeys\kvsetkeys.
sty
Package: kvsetkeys 2019/12/15 v1.18 Key value parser (HO)
)
(D:\Users\Andres\AppData\Local\Programs\MiKTeX\tex/generic/kvdefinekeys\kvdefin
ekeys.sty
Package: kvdefinekeys 2019-12-19 v1.6 Define keys (HO)
)
(D:\Users\Andres\AppData\Local\Programs\MiKTeX\tex/generic/pdfescape\pdfescape.
sty
Package: pdfescape 2019/12/09 v1.15 Implements pdfTeX's escape features (HO)
)
(D:\Users\Andres\AppData\Local\Programs\MiKTeX\tex/latex/hycolor\hycolor.sty
Package: hycolor 2020-01-27 v1.10 Color options for hyperref/bookmark (HO)
)
(D:\Users\Andres\AppData\Local\Programs\MiKTeX\tex/latex/letltxmacro\letltxmacr
o.sty
Package: letltxmacro 2019/12/03 v1.6 Let assignment for LaTeX macros (HO)
)
(D:\Users\Andres\AppData\Local\Programs\MiKTeX\tex/latex/auxhook\auxhook.sty
Package: auxhook 2019-12-17 v1.6 Hooks for auxiliary files (HO)
)
(D:\Users\Andres\AppData\Local\Programs\MiKTeX\tex/latex/kvoptions\kvoptions.st
y
Package: kvoptions 2020-10-07 v3.14 Key value format for package options (HO)
)
\@linkdim=\dimen153
\Hy@linkcounter=\count275
\Hy@pagecounter=\count276
 (D:\Users\Andres\AppData\Local\Programs\MiKTeX\tex/latex/hyperref\pd1enc.def
File: pd1enc.def 2021-02-10 v7.00j Hyperref: PDFDocEncoding definition (HO)
Now handling font encoding PD1 ...
... no UTF-8 mapping file for font encoding PD1
)
(D:\Users\Andres\AppData\Local\Programs\MiKTeX\tex/latex/hyperref\hyperref-lang
patches.def
File: hyperref-langpatches.def 2021-02-10 v7.00j Hyperref: patches for babel la
nguages
)
(D:\Users\Andres\AppData\Local\Programs\MiKTeX\tex/generic/intcalc\intcalc.sty
Package: intcalc 2019/12/15 v1.3 Expandable calculations with integers (HO)
)
(D:\Users\Andres\AppData\Local\Programs\MiKTeX\tex/generic/etexcmds\etexcmds.st
y
Package: etexcmds 2019/12/15 v1.7 Avoid name clashes with e-TeX commands (HO)
)
\Hy@SavedSpaceFactor=\count277
 (D:\Users\Andres\AppData\Local\Programs\MiKTeX\tex/latex/hyperref\puenc.def
File: puenc.def 2021-02-10 v7.00j Hyperref: PDF Unicode definition (HO)
Now handling font encoding PU ...
... no UTF-8 mapping file for font encoding PU
)
Package hyperref Info: Option `final' set `true' on input line 4073.
Package hyperref Info: Option `plainpages' set `false' on input line 4073.
Package hyperref Info: Option `pdfpagelabels' set `true' on input line 4073.
Package hyperref Info: Hyper figures OFF on input line 4192.
Package hyperref Info: Link nesting OFF on input line 4197.
Package hyperref Info: Hyper index ON on input line 4200.
Package hyperref Info: Plain pages OFF on input line 4207.
Package hyperref Info: Backreferencing OFF on input line 4212.
Package hyperref Info: Implicit mode ON; LaTeX internals redefined.
Package hyperref Info: Bookmarks ON on input line 4445.
\c@Hy@tempcnt=\count278
(D:\Users\Andres\AppData\Local\Programs\MiKTeX\tex/latex/url\url.sty
\Urlmuskip=\muskip17
Package: url 2013/09/16  ver 3.4  Verb mode for urls, etc.
)
LaTeX Info: Redefining \url on input line 4804.
\XeTeXLinkMargin=\dimen154

(D:\Users\Andres\AppData\Local\Programs\MiKTeX\tex/generic/bitset\bitset.sty
Package: bitset 2019/12/09 v1.3 Handle bit-vector datatype (HO)

(D:\Users\Andres\AppData\Local\Programs\MiKTeX\tex/generic/bigintcalc\bigintcal
c.sty
Package: bigintcalc 2019/12/15 v1.5 Expandable calculations on big integers (HO
)
))
\Fld@menulength=\count279
\Field@Width=\dimen155
\Fld@charsize=\dimen156
Package hyperref Info: Hyper figures OFF on input line 6075.
Package hyperref Info: Link nesting OFF on input line 6080.
Package hyperref Info: Hyper index ON on input line 6083.
Package hyperref Info: backreferencing OFF on input line 6090.
Package hyperref Info: Link coloring OFF on input line 6095.
Package hyperref Info: Link coloring with OCG OFF on input line 6100.
Package hyperref Info: PDF/A mode OFF on input line 6105.
LaTeX Info: Redefining \ref on input line 6145.
LaTeX Info: Redefining \pageref on input line 6149.

(D:\Users\Andres\AppData\Local\Programs\MiKTeX\tex/latex/base\atbegshi-ltx.sty
Package: atbegshi-ltx 2020/08/17 v1.0a Emulation of the original atbegshi packa
ge
with kernel methods
)
\Hy@abspage=\count280
\c@Item=\count281
\c@Hfootnote=\count282
)
Package hyperref Info: Driver: hpdftex.
 (D:\Users\Andres\AppData\Local\Programs\MiKTeX\tex/latex/hyperref\hpdftex.def
File: hpdftex.def 2021-02-10 v7.00j Hyperref driver for pdfTeX

(D:\Users\Andres\AppData\Local\Programs\MiKTeX\tex/latex/base\atveryend-ltx.sty
Package: atveryend-ltx 2020/08/19 v1.0a Emulation of the original atvery packag
e
with kernel methods
)
\Fld@listcount=\count283
\c@bookmark@seq@number=\count284

(D:\Users\Andres\AppData\Local\Programs\MiKTeX\tex/latex/rerunfilecheck\rerunfi
lecheck.sty
Package: rerunfilecheck 2019/12/05 v1.9 Rerun checks for auxiliary files (HO)

(D:\Users\Andres\AppData\Local\Programs\MiKTeX\tex/generic/uniquecounter\unique
counter.sty
Package: uniquecounter 2019/12/15 v1.4 Provide unlimited unique counter (HO)
)
Package uniquecounter Info: New unique counter `rerunfilecheck' on input line 2
86.
)
\Hy@SectionHShift=\skip60
)
(D:\Users\Andres\AppData\Local\Programs\MiKTeX\tex/latex/listings\listings.sty
\lst@mode=\count285
\lst@gtempboxa=\box52
\lst@token=\toks27
\lst@length=\count286
\lst@currlwidth=\dimen157
\lst@column=\count287
\lst@pos=\count288
\lst@lostspace=\dimen158
\lst@width=\dimen159
\lst@newlines=\count289
\lst@lineno=\count290
\lst@maxwidth=\dimen160

(D:\Users\Andres\AppData\Local\Programs\MiKTeX\tex/latex/listings\lstmisc.sty
File: lstmisc.sty 2020/03/24 1.8d (Carsten Heinz)
\c@lstnumber=\count291
\lst@skipnumbers=\count292
\lst@framebox=\box53
)
(D:\Users\Andres\AppData\Local\Programs\MiKTeX\tex/latex/listings\listings.cfg
File: listings.cfg 2020/03/24 1.8d listings configuration
))
Package: listings 2020/03/24 1.8d (Carsten Heinz)
Package hyperref Info: Option `linktocpage' set `true' on input line 135.
Package hyperref Info: Option `colorlinks' set `true' on input line 135.


Package hyperref Warning: Option `bookmarks' has already been used,
(hyperref)                setting the option has no effect on input line 135.

Package hyperref Info: Option `breaklinks' set `true' on input line 135.

Package hyperref Warning: Option `pdfpagelabels' has already been used,
(hyperref)                setting the option has no effect on input line 135.


(D:\Users\Andres\AppData\Local\Programs\MiKTeX\tex/latex/l3backend\l3backend-pd
ftex.def
File: l3backend-pdftex.def 2021-02-18 L3 backend support: PDF output (pdfTeX)
\l__color_backend_stack_int=\count293
\l__pdf_internal_box=\box54
) (principal.aux
LaTeX Info: Redefining \. on input line 25.
LaTeX Info: Redefining \% on input line 25.
LaTeX Info: Redefining \. on input line 26.
LaTeX Info: Redefining \% on input line 26.


Package natbib Warning: Citation `MQTT' multiply defined.

)
\openout1 = `principal.aux'.

LaTeX Font Info:    Checking defaults for OML/cmm/m/it on input line 150.
LaTeX Font Info:    ... okay on input line 150.
LaTeX Font Info:    Checking defaults for OMS/cmsy/m/n on input line 150.
LaTeX Font Info:    ... okay on input line 150.
LaTeX Font Info:    Checking defaults for OT1/cmr/m/n on input line 150.
LaTeX Font Info:    ... okay on input line 150.
LaTeX Font Info:    Checking defaults for T1/cmr/m/n on input line 150.
LaTeX Font Info:    ... okay on input line 150.
LaTeX Font Info:    Checking defaults for TS1/cmr/m/n on input line 150.
LaTeX Font Info:    ... okay on input line 150.
LaTeX Font Info:    Checking defaults for OMX/cmex/m/n on input line 150.
LaTeX Font Info:    ... okay on input line 150.
LaTeX Font Info:    Checking defaults for U/cmr/m/n on input line 150.
LaTeX Font Info:    ... okay on input line 150.
LaTeX Font Info:    Checking defaults for PD1/pdf/m/n on input line 150.
LaTeX Font Info:    ... okay on input line 150.
LaTeX Font Info:    Checking defaults for PU/pdf/m/n on input line 150.
LaTeX Font Info:    ... okay on input line 150.
LaTeX Info: Redefining \. on input line 150.
LaTeX Info: Redefining \% on input line 150.

(D:\Users\Andres\AppData\Local\Programs\MiKTeX\tex/context/base/mkii\supp-pdf.m
kii
[Loading MPS to PDF converter (version 2006.09.02).]
\scratchcounter=\count294
\scratchdimen=\dimen161
\scratchbox=\box55
\nofMPsegments=\count295
\nofMParguments=\count296
\everyMPshowfont=\toks28
\MPscratchCnt=\count297
\MPscratchDim=\dimen162
\MPnumerator=\count298
\makeMPintoPDFobject=\count299
\everyMPtoPDFconversion=\toks29
)
(D:\Users\Andres\AppData\Local\Programs\MiKTeX\tex/latex/epstopdf-pkg\epstopdf-
base.sty
Package: epstopdf-base 2020-01-24 v2.11 Base part for package epstopdf
Package epstopdf-base Info: Redefining graphics rule for `.eps' on input line 4
85.
)
Package hyperref Info: Link coloring ON on input line 150.

(D:\Users\Andres\AppData\Local\Programs\MiKTeX\tex/latex/hyperref\nameref.sty
Package: nameref 2021-04-02 v2.47 Cross-referencing by name of section

(D:\Users\Andres\AppData\Local\Programs\MiKTeX\tex/latex/refcount\refcount.sty
Package: refcount 2019/12/15 v3.6 Data extraction from label references (HO)
)
(D:\Users\Andres\AppData\Local\Programs\MiKTeX\tex/generic/gettitlestring\getti
tlestring.sty
Package: gettitlestring 2019/12/15 v1.6 Cleanup title references (HO)
)
\c@section@level=\count300
)
LaTeX Info: Redefining \ref on input line 150.
LaTeX Info: Redefining \pageref on input line 150.
LaTeX Info: Redefining \nameref on input line 150.
 (principal.out) (principal.out)
\@outlinefile=\write3
\openout3 = `principal.out'.

\c@lstlisting=\count301
 (title.tex
<figures/escudo.jpg, id=78, 210.7875pt x 240.9pt>
File: figures/escudo.jpg Graphic file (type jpg)
<use figures/escudo.jpg>
Package pdftex.def Info: figures/escudo.jpg  used on input line 43.
(pdftex.def)             Requested size: 151.7701pt x 173.44756pt.
) (autorizacion.tex
[-1

{C:/Users/Andres/AppData/Local/MiKTeX/pdftex/config/pdftex.map} <./figures/escu
do.jpg>] [0]
<figures/cc-by-nc-sa.png, id=93, 323.2075pt x 112.42pt>
File: figures/cc-by-nc-sa.png Graphic file (type png)
<use figures/cc-by-nc-sa.png>
Package pdftex.def Info: figures/cc-by-nc-sa.png  used on input line 49.
(pdftex.def)             Requested size: 323.20671pt x 112.41972pt.
) (dedicatoria.tex [1 <./figures/cc-by-nc-sa.png>])
(agradecimientos.tex [2]) [3] (principal.toc
LaTeX Info: Redefining \. on input line 1.
LaTeX Info: Redefining \% on input line 1.
LaTeX Info: Redefining \. on input line 2.
LaTeX Info: Redefining \% on input line 2.
LaTeX Font Info:    Trying to load font information for U+msa on input line 7.

(D:\Users\Andres\AppData\Local\Programs\MiKTeX\tex/latex/amsfonts\umsa.fd
File: umsa.fd 2013/01/14 v3.01 AMS symbols A
)
LaTeX Font Info:    Trying to load font information for U+msb on input line 7.

(D:\Users\Andres\AppData\Local\Programs\MiKTeX\tex/latex/amsfonts\umsb.fd
File: umsb.fd 2013/01/14 v3.01 AMS symbols B
)
LaTeX Font Info:    Trying to load font information for U+lasy on input line 7.


(D:\Users\Andres\AppData\Local\Programs\MiKTeX\tex/latex/base\ulasy.fd
File: ulasy.fd 1998/08/17 v2.2e LaTeX symbol font definitions
))
\tf@toc=\write4
\openout4 = `principal.toc'.


[1

] (principal.lof
LaTeX Info: Redefining \. on input line 1.
LaTeX Info: Redefining \% on input line 1.
LaTeX Info: Redefining \. on input line 2.
LaTeX Info: Redefining \% on input line 2.
)
\tf@lof=\write5
\openout5 = `principal.lof'.

 [2

] (resumen2.tex
Underfull \hbox (badness 10000) in paragraph at lines 29--30

 []

[3]) (chapter1.tex
Cap\'{\i }tulo 1.
) (chapter2.texpdfTeX warning (ext4): destination with the same identifier (nam
e{page.1}) has been already used, duplicate ignored
<to be read again> 
                   \relax 
l.2 \newpage
             [1

]pdfTeX warning (ext4): destination with the same identifier (name{page.2}) has
 been already used, duplicate ignored
<to be read again> 
                   \relax 
l.6 \chapter
            {Algoritmos de Localizaci처n} [2]
Cap\'{\i }tulo 2.
pdfTeX warning (ext4): destination with the same identifier (name{page.3}) has 
been already used, duplicate ignored
<to be read again> 
                   \relax 
l.39 \par
          [3

] [4]
Package epstopdf Info: Source file: <figures/Figura-de-desviaci처n-de-un-vehicu
lo-con-posici처n-incial-deferente-a-la-real.eps>
(epstopdf)                    date: 2021-05-30 20:24:08
(epstopdf)                    size: 142271 bytes
(epstopdf)             Output file: <figures/Figura-de-desviaci처n-de-un-vehicu
lo-con-posici처n-incial-deferente-a-la-real-eps-converted-to.pdf>
(epstopdf)                    date: 2021-05-30 20:24:08
(epstopdf)                    size: 84754 bytes
(epstopdf)             Command: <epstopdf --outfile=figures/Figura-de-desviaci
쿻-de-un-vehiculo-con-posici처n-incial-deferente-a-la-real-eps-converted-to.pdf
 figures/Figura-de-desviaci처n-de-un-vehiculo-con-posici처n-incial-deferente-a-
la-real.eps>
(epstopdf)             \includegraphics on input line 75.
Package epstopdf Info: Output file is already uptodate.


pdfTeX warning: pdflatex (file ./figures/Figura-de-desviaci처n-de-un-vehiculo-c
on-posici처n-incial-deferente-a-la-real-eps-converted-to.pdf): PDF inclusion: f
ound PDF version <1.7>, but at most version <1.5> allowed
<figures/Figura-de-desviaci처n-de-un-vehiculo-con-posici처n-incial-deferente-a-
la-real-eps-converted-to.pdf, id=179, 421.575pt x 316.18124pt>
File: figures/Figura-de-desviaci처n-de-un-vehiculo-con-posici처n-incial-deferen
te-a-la-real-eps-converted-to.pdf Graphic file (type pdf)
<use figures/Figura-de-desviaci처n-de-un-vehiculo-con-posici처n-incial-deferent
e-a-la-real-eps-converted-to.pdf>
Package pdftex.def Info: figures/Figura-de-desviaci처n-de-un-vehiculo-con-posic
i처n-incial-deferente-a-la-real-eps-converted-to.pdf  used on input line 75.
(pdftex.def)             Requested size: 373.49316pt x 280.12674pt.
Package epstopdf Info: Source file: <figures/Figura-de-desviaci처n-de-un-vehicu
lo-con-velocidad-inicial-diferente-a-la-real.eps>
(epstopdf)                    date: 2021-05-30 20:24:08
(epstopdf)                    size: 142164 bytes
(epstopdf)             Output file: <figures/Figura-de-desviaci처n-de-un-vehicu
lo-con-velocidad-inicial-diferente-a-la-real-eps-converted-to.pdf>
(epstopdf)                    date: 2021-05-30 20:24:08
(epstopdf)                    size: 84263 bytes
(epstopdf)             Command: <epstopdf --outfile=figures/Figura-de-desviaci
쿻-de-un-vehiculo-con-velocidad-inicial-diferente-a-la-real-eps-converted-to.pd
f figures/Figura-de-desviaci처n-de-un-vehiculo-con-velocidad-inicial-diferente-
a-la-real.eps>
(epstopdf)             \includegraphics on input line 83.
Package epstopdf Info: Output file is already uptodate.


pdfTeX warning: pdflatex (file ./figures/Figura-de-desviaci처n-de-un-vehiculo-c
on-velocidad-inicial-diferente-a-la-real-eps-converted-to.pdf): PDF inclusion: 
found PDF version <1.7>, but at most version <1.5> allowed
<figures/Figura-de-desviaci처n-de-un-vehiculo-con-velocidad-inicial-diferente-a
-la-real-eps-converted-to.pdf, id=180, 421.575pt x 316.18124pt>
File: figures/Figura-de-desviaci처n-de-un-vehiculo-con-velocidad-inicial-difere
nte-a-la-real-eps-converted-to.pdf Graphic file (type pdf)
<use figures/Figura-de-desviaci처n-de-un-vehiculo-con-velocidad-inicial-diferen
te-a-la-real-eps-converted-to.pdf>
Package pdftex.def Info: figures/Figura-de-desviaci처n-de-un-vehiculo-con-veloc
idad-inicial-diferente-a-la-real-eps-converted-to.pdf  used on input line 83.
(pdftex.def)             Requested size: 373.49316pt x 280.12674pt.
[5 <./figures/Figura-de-desviaci처n-de-un-vehiculo-con-posici처n-incial-deferen
te-a-la-real-eps-converted-to.pdf>] [6 <./figures/Figura-de-desviaci처n-de-un-v
ehiculo-con-velocidad-inicial-diferente-a-la-real-eps-converted-to.pdf>]

LaTeX Warning: Command \textperiodcentered invalid in math mode on input line 1
50.


LaTeX Warning: Command \textperiodcentered invalid in math mode on input line 1
50.


LaTeX Warning: Command \textperiodcentered invalid in math mode on input line 1
50.


LaTeX Warning: Command \textperiodcentered invalid in math mode on input line 1
50.

Missing character: There is no  in font cmr12!
Missing character: There is no  in font cmr12!
[7]
Package epstopdf Info: Source file: <figures/GraficarUnicarAntesdecorreccion.ep
s>
(epstopdf)                    date: 2021-05-30 20:24:08
(epstopdf)                    size: 90169 bytes
(epstopdf)             Output file: <figures/GraficarUnicarAntesdecorreccion-ep
s-converted-to.pdf>
(epstopdf)                    date: 2021-05-30 20:24:08
(epstopdf)                    size: 44257 bytes
(epstopdf)             Command: <epstopdf --outfile=figures/GraficarUnicarAntes
decorreccion-eps-converted-to.pdf figures/GraficarUnicarAntesdecorreccion.eps>
(epstopdf)             \includegraphics on input line 181.
Package epstopdf Info: Output file is already uptodate.


pdfTeX warning: pdflatex (file ./figures/GraficarUnicarAntesdecorreccion-eps-co
nverted-to.pdf): PDF inclusion: found PDF version <1.7>, but at most version <1
.5> allowed
<figures/GraficarUnicarAntesdecorreccion-eps-converted-to.pdf, id=205, 421.575p
t x 316.18124pt>
File: figures/GraficarUnicarAntesdecorreccion-eps-converted-to.pdf Graphic file
 (type pdf)
<use figures/GraficarUnicarAntesdecorreccion-eps-converted-to.pdf>
Package pdftex.def Info: figures/GraficarUnicarAntesdecorreccion-eps-converted-
to.pdf  used on input line 181.
(pdftex.def)             Requested size: 326.80385pt x 245.10547pt.
Package epstopdf Info: Source file: <figures/GraficarUnicardespuescorreccion.ep
s>
(epstopdf)                    date: 2021-05-30 20:24:08
(epstopdf)                    size: 90766 bytes
(epstopdf)             Output file: <figures/GraficarUnicardespuescorreccion-ep
s-converted-to.pdf>
(epstopdf)                    date: 2021-05-30 20:24:08
(epstopdf)                    size: 44813 bytes
(epstopdf)             Command: <epstopdf --outfile=figures/GraficarUnicardespu
escorreccion-eps-converted-to.pdf figures/GraficarUnicardespuescorreccion.eps>
(epstopdf)             \includegraphics on input line 184.
Package epstopdf Info: Output file is already uptodate.


pdfTeX warning: pdflatex (file ./figures/GraficarUnicardespuescorreccion-eps-co
nverted-to.pdf): PDF inclusion: found PDF version <1.7>, but at most version <1
.5> allowed
<figures/GraficarUnicardespuescorreccion-eps-converted-to.pdf, id=206, 421.575p
t x 316.18124pt>
File: figures/GraficarUnicardespuescorreccion-eps-converted-to.pdf Graphic file
 (type pdf)
<use figures/GraficarUnicardespuescorreccion-eps-converted-to.pdf>
Package pdftex.def Info: figures/GraficarUnicardespuescorreccion-eps-converted-
to.pdf  used on input line 184.
(pdftex.def)             Requested size: 326.80385pt x 245.10547pt.
[8 <./figures/GraficarUnicarAntesdecorreccion-eps-converted-to.pdf> <./figures/
GraficarUnicardespuescorreccion-eps-converted-to.pdf>] [9]
Package epstopdf Info: Source file: <figures/Sistema2CarAbs-Rel.eps>
(epstopdf)                    date: 2021-05-30 20:24:08
(epstopdf)                    size: 149172 bytes
(epstopdf)             Output file: <figures/Sistema2CarAbs-Rel-eps-converted-t
o.pdf>
(epstopdf)                    date: 2021-05-30 20:24:08
(epstopdf)                    size: 80970 bytes
(epstopdf)             Command: <epstopdf --outfile=figures/Sistema2CarAbs-Rel-
eps-converted-to.pdf figures/Sistema2CarAbs-Rel.eps>
(epstopdf)             \includegraphics on input line 224.
Package epstopdf Info: Output file is already uptodate.


pdfTeX warning: pdflatex (file ./figures/Sistema2CarAbs-Rel-eps-converted-to.pd
f): PDF inclusion: found PDF version <1.7>, but at most version <1.5> allowed
<figures/Sistema2CarAbs-Rel-eps-converted-to.pdf, id=229, 421.575pt x 316.18124
pt>
File: figures/Sistema2CarAbs-Rel-eps-converted-to.pdf Graphic file (type pdf)
<use figures/Sistema2CarAbs-Rel-eps-converted-to.pdf>
Package pdftex.def Info: figures/Sistema2CarAbs-Rel-eps-converted-to.pdf  used 
on input line 224.
(pdftex.def)             Requested size: 373.49316pt x 280.12674pt.
[10 <./figures/Sistema2CarAbs-Rel-eps-converted-to.pdf>]
Package epstopdf Info: Source file: <figures/RadioAmbiguedad.eps>
(epstopdf)                    date: 2021-05-31 00:29:21
(epstopdf)                    size: 87215 bytes
(epstopdf)             Output file: <figures/RadioAmbiguedad-eps-converted-to.p
df>
(epstopdf)                    date: 2021-05-31 00:33:52
(epstopdf)                    size: 38093 bytes
(epstopdf)             Command: <epstopdf --outfile=figures/RadioAmbiguedad-eps
-converted-to.pdf figures/RadioAmbiguedad.eps>
(epstopdf)             \includegraphics on input line 241.
Package epstopdf Info: Output file is already uptodate.


pdfTeX warning: pdflatex (file ./figures/RadioAmbiguedad-eps-converted-to.pdf):
 PDF inclusion: found PDF version <1.7>, but at most version <1.5> allowed
<figures/RadioAmbiguedad-eps-converted-to.pdf, id=242, 421.575pt x 316.18124pt>

File: figures/RadioAmbiguedad-eps-converted-to.pdf Graphic file (type pdf)
<use figures/RadioAmbiguedad-eps-converted-to.pdf>
Package pdftex.def Info: figures/RadioAmbiguedad-eps-converted-to.pdf  used on 
input line 241.
(pdftex.def)             Requested size: 373.49316pt x 280.12674pt.
Package epstopdf Info: Source file: <figures/AmbiguedadPrecorreccion.eps>
(epstopdf)                    date: 2021-05-31 02:52:36
(epstopdf)                    size: 128379 bytes
(epstopdf)             Output file: <figures/AmbiguedadPrecorreccion-eps-conver
ted-to.pdf>
(epstopdf)                    date: 2021-05-31 02:58:15
(epstopdf)                    size: 61114 bytes
(epstopdf)             Command: <epstopdf --outfile=figures/AmbiguedadPrecorrec
cion-eps-converted-to.pdf figures/AmbiguedadPrecorreccion.eps>
(epstopdf)             \includegraphics on input line 253.
Package epstopdf Info: Output file is already uptodate.


pdfTeX warning: pdflatex (file ./figures/AmbiguedadPrecorreccion-eps-converted-
to.pdf): PDF inclusion: found PDF version <1.7>, but at most version <1.5> allo
wed
<figures/AmbiguedadPrecorreccion-eps-converted-to.pdf, id=245, 421.575pt x 316.
18124pt>
File: figures/AmbiguedadPrecorreccion-eps-converted-to.pdf Graphic file (type p
df)
<use figures/AmbiguedadPrecorreccion-eps-converted-to.pdf>
Package pdftex.def Info: figures/AmbiguedadPrecorreccion-eps-converted-to.pdf  
used on input line 253.
(pdftex.def)             Requested size: 326.80385pt x 245.10547pt.
Package epstopdf Info: Source file: <figures/AmbiguedadPostcorreccion.eps>
(epstopdf)                    date: 2021-05-31 02:54:29
(epstopdf)                    size: 124140 bytes
(epstopdf)             Output file: <figures/AmbiguedadPostcorreccion-eps-conve
rted-to.pdf>
(epstopdf)                    date: 2021-05-31 02:58:17
(epstopdf)                    size: 57433 bytes
(epstopdf)             Command: <epstopdf --outfile=figures/AmbiguedadPostcorre
ccion-eps-converted-to.pdf figures/AmbiguedadPostcorreccion.eps>
(epstopdf)             \includegraphics on input line 256.
Package epstopdf Info: Output file is already uptodate.


pdfTeX warning: pdflatex (file ./figures/AmbiguedadPostcorreccion-eps-converted
-to.pdf): PDF inclusion: found PDF version <1.7>, but at most version <1.5> all
owed
<figures/AmbiguedadPostcorreccion-eps-converted-to.pdf, id=246, 421.575pt x 316
.18124pt>
File: figures/AmbiguedadPostcorreccion-eps-converted-to.pdf Graphic file (type 
pdf)
<use figures/AmbiguedadPostcorreccion-eps-converted-to.pdf>
Package pdftex.def Info: figures/AmbiguedadPostcorreccion-eps-converted-to.pdf 
 used on input line 256.
(pdftex.def)             Requested size: 326.80385pt x 245.10547pt.
[11 <./figures/RadioAmbiguedad-eps-converted-to.pdf>]

LaTeX Warning: Text page 12 contains only floats.

[12 <./figures/AmbiguedadPrecorreccion-eps-converted-to.pdf> <./figures/Ambigue
dadPostcorreccion-eps-converted-to.pdf>]) (chapter3.tex [13] [14]
Cap\'{\i }tulo 3.
) (chapter4.tex [15

] [16]
Cap\'{\i }tulo 4.
) (chapter5.tex [17

] [18]
Cap\'{\i }tulo 5.
) (bibliography.tex [19

] [20]
LaTeX Font Info:    Trying to load font information for T1+cmtt on input line 8
.

(D:\Users\Andres\AppData\Local\Programs\MiKTeX\tex/latex/base\t1cmtt.fd
File: t1cmtt.fd 2019/12/16 v2.5j Standard LaTeX font definitions
))
No file principal.bbl.

Package natbib Warning: There were multiply defined citations.

[21

pdfTeX warning (ext4): destination with the same identifier (name{cite.MQTT}) h
as been already used, duplicate ignored
<argument> ...shipout:D \box_use:N \l_shipout_box 
                                                  
l.342 \end{document}
                    ] (principal.aux
LaTeX Info: Redefining \. on input line 25.
LaTeX Info: Redefining \% on input line 25.
LaTeX Info: Redefining \. on input line 26.
LaTeX Info: Redefining \% on input line 26.


Package natbib Warning: Citation(s) may have changed.
(natbib)                Rerun to get citations correct.

)

Package rerunfilecheck Warning: File `principal.out' has changed.
(rerunfilecheck)                Rerun to get outlines right
(rerunfilecheck)                or use package `bookmark'.

Package rerunfilecheck Info: Checksums for `principal.out':
(rerunfilecheck)             Before: 8830BB78981407AF079E6F0B7839B5E2;2924
(rerunfilecheck)             After:  BEEA02239D5B95DDEDFA2C0C963E8F68;3282.
 ) 
Here is how much of TeX's memory you used:
 12551 strings out of 479334
 184138 string characters out of 2856609
 495779 words of memory out of 3000000
 29685 multiletter control sequences out of 15000+200000
 419559 words of font info for 64 fonts, out of 3000000 for 9000
 1141 hyphenation exceptions out of 8191
 71i,16n,74p,499b,442s stack positions out of 5000i,500n,10000p,200000b,50000s
 <C:\Users\Andres\AppData\Local\MiKTeX\fonts/pk/ljfour/jknappen/ec/dpi600\ect
t1200.pk> <C:\Users\Andres\AppData\Local\MiKTeX\fonts/pk/ljfour/jknappen/ec/dpi
600\ecrm1000.pk> <C:\Users\Andres\AppData\Local\MiKTeX\fonts/pk/ljfour/jknappen
/ec/dpi600\eccc1200.pk> <C:\Users\Andres\AppData\Local\MiKTeX\fonts/pk/ljfour/j
knappen/ec/dpi600\ecxc1200.pk> <C:\Users\Andres\AppData\Local\MiKTeX\fonts/pk/l
jfour/jknappen/ec/dpi600\ecti1200.pk> <C:\Users\Andres\AppData\Local\MiKTeX\fon
ts/pk/ljfour/jknappen/ec/dpi600\ecrm0600.pk> <C:\Users\Andres\AppData\Local\MiK
TeX\fonts/pk/ljfour/jknappen/ec/dpi600\ecrm1440.pk> <C:\Users\Andres\AppData\Lo
cal\MiKTeX\fonts/pk/ljfour/jknappen/ec/dpi600\ecbx2488.pk> <C:\Users\Andres\App
Data\Local\MiKTeX\fonts/pk/ljfour/jknappen/ec/dpi600\ecbx1200.pk> <C:\Users\And
res\AppData\Local\MiKTeX\fonts/pk/ljfour/jknappen/ec/dpi600\ecbx1440.pk> <C:\Us
ers\Andres\AppData\Local\MiKTeX\fonts/pk/ljfour/jknappen/ec/dpi600\ecrm1200.pk>
 <C:\Users\Andres\AppData\Local\MiKTeX\fonts/pk/ljfour/jknappen/ec/dpi600\ecrm1
728.pk> <C:\Users\Andres\AppData\Local\MiKTeX\fonts/pk/ljfour/jknappen/ec/dpi60
0\ecbx1728.pk><D:/Users/Andres/AppData/Local/Programs/MiKTeX/fonts/type1/public
/amsfonts/cm/cmex10.pfb><D:/Users/Andres/AppData/Local/Programs/MiKTeX/fonts/ty
pe1/public/amsfonts/cm/cmmi12.pfb><D:/Users/Andres/AppData/Local/Programs/MiKTe
X/fonts/type1/public/amsfonts/cm/cmmi8.pfb><D:/Users/Andres/AppData/Local/Progr
ams/MiKTeX/fonts/type1/public/amsfonts/cm/cmr12.pfb><D:/Users/Andres/AppData/Lo
cal/Programs/MiKTeX/fonts/type1/public/amsfonts/cm/cmr6.pfb><D:/Users/Andres/Ap
pData/Local/Programs/MiKTeX/fonts/type1/public/amsfonts/cm/cmr8.pfb><D:/Users/A
ndres/AppData/Local/Programs/MiKTeX/fonts/type1/public/amsfonts/cm/cmsy10.pfb><
D:/Users/Andres/AppData/Local/Programs/MiKTeX/fonts/type1/public/amsfonts/cm/cm
sy8.pfb>
Output written on principal.pdf (29 pages, 781642 bytes).
PDF statistics:
 822 PDF objects out of 1000 (max. 8388607)
 69 named destinations out of 1000 (max. 500000)
 203 words of extra memory for PDF output out of 10000 (max. 10000000)

